<?xml version="1.0" encoding="UTF-8"?>
<!-- Generated by org.testng.reporters.JUnitXMLReporter -->
<testsuite ignored="0" hostname="DESKTOP-7J0E1U4" failures="0" tests="9" name="Default test" time="2.347" errors="0" timestamp="2023-05-02T18:14:07 CDT">
  <testcase classname="startRestTest.DeleteAProduct" name="get_del" time="1.426"/>
  <testcase classname="startRestTest.GetAll" name="statusCode" time="0.046"/>
  <testcase classname="startRestTest.GetAll" name="responseBody" time="0.105"/>
  <testcase classname="startRestTest.GetAll" name="responseHeader" time="0.0"/>
  <testcase classname="startRestTest.GetAProduct" name="responseBody" time="0.013"/>
  <testcase classname="startRestTest.PostAProduct" name="postData" time="0.102"/>
  <testcase classname="startRestTest.PostAProduct" name="postData" time="0.059"/>
  <testcase classname="startRestTest.PostAProduct" name="postData" time="0.053"/>
  <testcase classname="startRestTest.PostAProduct" name="getData" time="0.001"/>
</testsuite> <!-- Default test -->
