<?xml version="1.0" encoding="UTF-8"?>
<!-- Generated by org.testng.reporters.JUnitXMLReporter -->
<testsuite ignored="0" hostname="DESKTOP-7J0E1U4" failures="0" tests="9" name="startRestTest" time="2.59" errors="0" timestamp="2023-04-26T19:45:54 CDT">
  <testcase classname="startRestTest.GetAll" name="statusCode" time="0.819"/>
  <testcase classname="startRestTest.GetAll" name="responseBody" time="0.656"/>
  <testcase classname="startRestTest.GetAll" name="responseHeader" time="0.001"/>
  <testcase classname="startRestTest.GetAProduct" name="responseBody" time="0.012"/>
  <testcase classname="startRestTest.PostAProduct" name="postData" time="0.101"/>
  <testcase classname="startRestTest.PostAProduct" name="postData" time="0.06"/>
  <testcase classname="startRestTest.PostAProduct" name="postData" time="0.061"/>
  <testcase classname="startRestTest.PostAProduct" name="getData" time="0.005"/>
  <testcase classname="startRestTest.DeleteAProduct" name="get_del" time="0.156"/>
</testsuite> <!-- startRestTest -->
